<?xml version="1.0" encoding="UTF-8" ?>
<testsuites>
<testsuite name="express-hateoas-links" errors="0" tests="4" failures="1" time="0.077" timestamp="2018-06-06T18:43:21">
  <testcase classname="express-hateoas-links" name="should append HATEOAS links to json response" time="0.039"></testcase>
  <testcase classname="express-hateoas-links" name="should append HATEOAS links to existing .links collection" time="0.014"></testcase>
  <testcase classname="express-hateoas-links" name="should not append HATEOAS links property" time="0.01"></testcase>
  <testcase classname="express-hateoas-links" name="should not append HATEOAS links property if disableHATEOAS=false" time="0.012"><failure type="expect" message="Expected [ { rel : &amp;apos;update&amp;apos;, method : &amp;apos;POST&amp;apos;, href : &amp;apos;http://127.0.0.1&amp;apos; } ] not to be defined.">Error: Expected [ { rel : &amp;apos;update&amp;apos;, method : &amp;apos;POST&amp;apos;, href : &amp;apos;http://127.0.0.1&amp;apos; } ] not to be defined.
    at new jasmine.ExpectationResult (/Users/JD/Projects/express-hateoas-links/node_modules/jasmine-node/lib/jasmine-node/jasmine-1.3.1.js:114:32)
    at matchersClass.toBeDefined (/Users/JD/Projects/express-hateoas-links/node_modules/jasmine-node/lib/jasmine-node/jasmine-1.3.1.js:1316:29)
    at Test.&amp;lt;anonymous&amp;gt; (/Users/JD/Projects/express-hateoas-links/test/express-hateoas-links-spec.js:175:44)
    at Test.assert (/Users/JD/Projects/express-hateoas-links/node_modules/supertest/lib/test.js:156:6)
    at Server.assert (/Users/JD/Projects/express-hateoas-links/node_modules/supertest/lib/test.js:127:12)
    at Object.onceWrapper (events.js:272:13)
    at Server.emit (events.js:180:13)
    at emitCloseNT (net.js:1656:8)
    at process._tickCallback (internal/process/next_tick.js:178:19)</failure></testcase>
</testsuite>
</testsuites>